Arguments: 
  /Users/alextoma/.nvm/versions/node/v18.13.0/bin/node /Users/alextoma/.nvm/versions/node/v18.13.0/bin/yarn add cron-timezone

PATH: 
  /Users/alextoma/.nvm/versions/node/v18.13.0/bin:/opt/local/bin:/opt/local/sbin:/opt/homebrew/bin:/opt/homebrew/sbin:/Users/alextoma/.nvm/versions/node/v16.0.0/bin:/usr/local/bin:/usr/local/bin:/usr/local/bin:/usr/local/bin:/System/Cryptexes/App/usr/bin:/usr/bin:/bin:/usr/sbin:/sbin:/usr/local/go/bin:/Library/Apple/usr/bin:/Library/Frameworks/Mono.framework/Versions/Current/Commands:/opt/local/bin:/opt/local/sbin:/opt/homebrew/bin:/opt/homebrew/sbin:/Users/alextoma/.nvm/versions/node/v16.0.0/bin

Yarn version: 
  1.22.19

Node version: 
  18.13.0

Platform: 
  darwin arm64

Trace: 
  Error: https://registry.yarnpkg.com/cron-timezone: Not found
      at params.callback [as _callback] (/Users/alextoma/.nvm/versions/node/v18.13.0/lib/node_modules/yarn/lib/cli.js:66145:18)
      at self.callback (/Users/alextoma/.nvm/versions/node/v18.13.0/lib/node_modules/yarn/lib/cli.js:140890:22)
      at Request.emit (node:events:513:28)
      at Request.<anonymous> (/Users/alextoma/.nvm/versions/node/v18.13.0/lib/node_modules/yarn/lib/cli.js:141862:10)
      at Request.emit (node:events:513:28)
      at IncomingMessage.<anonymous> (/Users/alextoma/.nvm/versions/node/v18.13.0/lib/node_modules/yarn/lib/cli.js:141784:12)
      at Object.onceWrapper (node:events:627:28)
      at IncomingMessage.emit (node:events:525:35)
      at endReadableNT (node:internal/streams/readable:1359:12)
      at process.processTicksAndRejections (node:internal/process/task_queues:82:21)

npm manifest: 
  {
    "name": "bluesky-starter-kit",
    "version": "1.0.0",
    "description": "",
    "main": "index.js",
    "scripts": {
      "start": "node index.js"
    },
    "keywords": [],
    "author": "",
    "type": "module",
    "license": "ISC",
    "dependencies": {
      "@atproto/api": "^0.2.7",
      "cron": "^2.3.0",
      "dotenv": "^16.0.3",
      "node-cron": "^3.0.2"
    },
    "devDependencies": {
      "@types/node": "^18.15.11",
      "@typescript-eslint/eslint-plugin": "^5.58.0",
      "@typescript-eslint/parser": "^5.58.0",
      "eslint": "^8.38.0",
      "prettier": "^2.8.7",
      "ts-node": "^10.9.1",
      "typescript": "^5.0.4"
    }
  }

yarn manifest: 
  No manifest

Lockfile: 
  No lockfile
